<?xml version="1.0" encoding="UTF-8"?>
<testng-results ignored="0" total="1" passed="1" failed="0" skipped="0">
    <reporter-output>
    </reporter-output>
    <suite started-at="2021-07-28T09:14:15 EEST" name="Default suite"
           finished-at="2021-07-28T09:14:25 EEST" duration-ms="9746">
        <groups>
        </groups>
        <test started-at="2021-07-28T09:14:15 EEST" name="Default test"
              finished-at="2021-07-28T09:14:25 EEST" duration-ms="9746">
            <class name="EBay_Home_Sanity">
                <test-method
                        signature="empty_search_test()[pri:0, instance:EBay_Home_Sanity@49dc7102]"
                        started-at="2021-07-28T09:14:15 EEST"
                        name="empty_search_test"
                        finished-at="2021-07-28T09:14:25 EEST"
                        duration-ms="9719" status="PASS">
                    <reporter-output>
                    </reporter-output>
                </test-method> <!-- empty_search_test -->
            </class> <!-- EBay_Home_Sanity -->
        </test> <!-- Default test -->
    </suite> <!-- Default suite -->
</testng-results>
